commit 523219bfbbc951b4b234c8bbb0a1b5f29af9681c
Author: unknown <155134X@M314G1101.sidm.student.local>
Date:   Fri Dec 11 19:32:43 2015 +0800

    Final (1)


commit c53f6ec7accaf209ee12910df816e55132220cad
Author: unknown <155134X@M314G1101.sidm.student.local>
Date:   Fri Dec 11 19:11:33 2015 +0800

    Doxygen (2)


commit 0405cbb5059a67d67485990ca32d6856c6376e81
Author: unknown <155134X@M314G1101.sidm.student.local>
Date:   Fri Dec 11 19:01:50 2015 +0800

    Doxygen (1)


commit 27470115081143556d6e5f735a0c7ad6c404cda9
Author: unknown <155134X@M412G504.sidm.student.local>
Date:   Fri Dec 11 14:42:27 2015 +0800

    Completed Software Eng (1)


commit 42a87c6741a9a490e28a94b29a1a2dc624567f85
Author: unknown <155134X@M413G307.sidm.student.local>
Date:   Thu Dec 10 21:18:31 2015 +0800

    progress on Software.Eng (1)


commit 50ad1a55807f6575500869431ef367a4161da728
Author: zhiternn <zhiternn@outlook.com>
Date:   Thu Dec 10 17:02:14 2015 +0800

    12/10/2015 - First Commit


commit bd1b15992ba8ecf4470e7dc83321175b1b7b9d30
Author: zhiternn <zhiternn@outlook.com>
Date:   Thu Dec 10 16:26:11 2015 +0800

    Initial commit
